<?xml version="1.0" encoding="UTF-8"?>
<!-- Generated by org.testng.reporters.JUnitXMLReporter -->
<testsuite ignored="0" hostname="Sai" failures="0" tests="4" name="Test" time="80.191" errors="0" timestamp="2022-04-16T18:39:51 IST">
  <testcase classname="webapplications.FBLogin" name="login" time="18.123"/>
  <testcase classname="webapplications.Datepicker" name="datepicker" time="16.7"/>
  <testcase classname="webapplications.Testscenario1" name="setup" time="23.415"/>
  <testcase classname="webapplications.Testscenario1" name="studentlogin" time="21.698"/>
</testsuite> <!-- Test -->
