<?xml version="1.0" encoding="UTF-8"?>
<!-- Generated by org.testng.reporters.JUnitXMLReporter -->
<testsuite ignored="0" hostname="Sai" failures="0" tests="4" name="Test" time="204.631" errors="0" timestamp="2022-04-30T15:36:31 IST">
  <testcase classname="webapplications.FBLogin" name="login" time="79.707"/>
  <testcase classname="webapplications.Datepicker" name="datepicker" time="28.812"/>
  <testcase classname="webapplications.Testscenario1" name="setup" time="63.077"/>
  <testcase classname="webapplications.Testscenario1" name="studentlogin" time="32.186"/>
</testsuite> <!-- Test -->
